<?xml version="1.0" encoding="UTF-8"?>
<!-- Generated by org.testng.reporters.JUnitReportReporter -->
<testsuite hostname="AnilSaner" failures="0" tests="1" name="Demo1" time="13.930" errors="0" timestamp="2022-01-01T22:28:24 IST" skipped="0">
  <testcase classname="Demo1" name="tc" time="13.930"/>
  <system-out>
    <![CDATA[Hii I am a Test Case....!]]>
  </system-out>
</testsuite> <!-- Demo1 -->
