<?xml version="1.0" encoding="UTF-8"?>
<!-- Generated by org.testng.reporters.JUnitReportReporter -->
<testsuite hostname="DESKTOP-DNO4R7H" failures="0" tests="1" name="Demo" time="0.016" errors="0" timestamp="2021-10-07T15:46:58 IST" skipped="0">
  <testcase classname="Demo" name="tc" time="0.016"/>
  <system-out>
    <![CDATA[Hii I am a Test Case...]]>
  </system-out>
</testsuite> <!-- Demo -->
